Replace Part 4.7uF Capacitor in C:\Users\defne\OneDrive\Masaüstü\2020 SPRING\464\EE464-Term-Project\464HardwareProject\464HardwareProject.SchDoc with Capacitor from 464HardwareProject.SchLib
Replace Part 10K Resistor in C:\Users\defne\OneDrive\Masaüstü\2020 SPRING\464\EE464-Term-Project\464HardwareProject\464HardwareProject.SchDoc with Resistor from 464HardwareProject.SchLib
Replace Part 46.02K Resistor in C:\Users\defne\OneDrive\Masaüstü\2020 SPRING\464\EE464-Term-Project\464HardwareProject\464HardwareProject.SchDoc with Resistor from 464HardwareProject.SchLib
Replace Part C1 Capacitor in C:\Users\defne\OneDrive\Masaüstü\2020 SPRING\464\EE464-Term-Project\464HardwareProject\464HardwareProject.SchDoc with Capacitor from 464HardwareProject.SchLib
Replace Part C2 Capacitor in C:\Users\defne\OneDrive\Masaüstü\2020 SPRING\464\EE464-Term-Project\464HardwareProject\464HardwareProject.SchDoc with Capacitor from 464HardwareProject.SchLib
Replace Part C3 Capacitor in C:\Users\defne\OneDrive\Masaüstü\2020 SPRING\464\EE464-Term-Project\464HardwareProject\464HardwareProject.SchDoc with Capacitor from 464HardwareProject.SchLib
Replace Part C4 Capacitor in C:\Users\defne\OneDrive\Masaüstü\2020 SPRING\464\EE464-Term-Project\464HardwareProject\464HardwareProject.SchDoc with Capacitor from 464HardwareProject.SchLib
Replace Part C5 Capacitor in C:\Users\defne\OneDrive\Masaüstü\2020 SPRING\464\EE464-Term-Project\464HardwareProject\464HardwareProject.SchDoc with Capacitor from 464HardwareProject.SchLib
Replace Part C6 Capacitor in C:\Users\defne\OneDrive\Masaüstü\2020 SPRING\464\EE464-Term-Project\464HardwareProject\464HardwareProject.SchDoc with Capacitor from 464HardwareProject.SchLib
Replace Part C7 Capacitor in C:\Users\defne\OneDrive\Masaüstü\2020 SPRING\464\EE464-Term-Project\464HardwareProject\464HardwareProject.SchDoc with Capacitor from 464HardwareProject.SchLib
Replace Part D1 Diode in C:\Users\defne\OneDrive\Masaüstü\2020 SPRING\464\EE464-Term-Project\464HardwareProject\464HardwareProject.SchDoc with Diode from 464HardwareProject.SchLib
Replace Part D2 Diode in C:\Users\defne\OneDrive\Masaüstü\2020 SPRING\464\EE464-Term-Project\464HardwareProject\464HardwareProject.SchDoc with Diode from 464HardwareProject.SchLib
Replace Part D3 Diode in C:\Users\defne\OneDrive\Masaüstü\2020 SPRING\464\EE464-Term-Project\464HardwareProject\464HardwareProject.SchDoc with Diode from 464HardwareProject.SchLib
Replace Part L1 Transformer in C:\Users\defne\OneDrive\Masaüstü\2020 SPRING\464\EE464-Term-Project\464HardwareProject\464HardwareProject.SchDoc with Transformer from 464HardwareProject.SchLib
Replace Part R1 Resistor in C:\Users\defne\OneDrive\Masaüstü\2020 SPRING\464\EE464-Term-Project\464HardwareProject\464HardwareProject.SchDoc with Resistor from 464HardwareProject.SchLib
Replace Part R2 Resistor in C:\Users\defne\OneDrive\Masaüstü\2020 SPRING\464\EE464-Term-Project\464HardwareProject\464HardwareProject.SchDoc with Resistor from 464HardwareProject.SchLib
Replace Part R3 Resistor in C:\Users\defne\OneDrive\Masaüstü\2020 SPRING\464\EE464-Term-Project\464HardwareProject\464HardwareProject.SchDoc with Resistor from 464HardwareProject.SchLib
Replace Part R4 Resistor in C:\Users\defne\OneDrive\Masaüstü\2020 SPRING\464\EE464-Term-Project\464HardwareProject\464HardwareProject.SchDoc with Resistor from 464HardwareProject.SchLib
Replace Part R5 Resistor in C:\Users\defne\OneDrive\Masaüstü\2020 SPRING\464\EE464-Term-Project\464HardwareProject\464HardwareProject.SchDoc with Resistor from 464HardwareProject.SchLib
Replace Part R6 Resistor in C:\Users\defne\OneDrive\Masaüstü\2020 SPRING\464\EE464-Term-Project\464HardwareProject\464HardwareProject.SchDoc with Resistor from 464HardwareProject.SchLib
Replace Part R7 Resistor in C:\Users\defne\OneDrive\Masaüstü\2020 SPRING\464\EE464-Term-Project\464HardwareProject\464HardwareProject.SchDoc with Resistor from 464HardwareProject.SchLib
Replace Part R8 Resistor in C:\Users\defne\OneDrive\Masaüstü\2020 SPRING\464\EE464-Term-Project\464HardwareProject\464HardwareProject.SchDoc with Resistor from 464HardwareProject.SchLib
Replace Part R9 Resistor in C:\Users\defne\OneDrive\Masaüstü\2020 SPRING\464\EE464-Term-Project\464HardwareProject\464HardwareProject.SchDoc with Resistor from 464HardwareProject.SchLib
Replace Part U1 LT8316IFE#TRPBF in C:\Users\defne\OneDrive\Masaüstü\2020 SPRING\464\EE464-Term-Project\464HardwareProject\464HardwareProject.SchDoc with LT8316IFE#TRPBF from 464HardwareProject.SchLib
Replace Part U2 700V Power Mos in C:\Users\defne\OneDrive\Masaüstü\2020 SPRING\464\EE464-Term-Project\464HardwareProject\464HardwareProject.SchDoc with 700V Power Mos from 464HardwareProject.SchLib
