Added Component: Designator=C1(C1 C0402 47pF)
Added Component: Designator=C2(C2 Output Cap 680uF 16V)
Added Component: Designator=C3(C3 C0402 47pF 100V)
Added Component: Designator=C4(C4 C0402 4.7uF 16V)
Added Component: Designator=C5(C6 C0402 1uF)
Added Component: Designator=C6(C6 C0402 1uF)
Added Component: Designator=D1(D1 40A 860 mv TO220-2)
Added Component: Designator=D2(D2 1A 470mV SOD323-2)
Added Component: Designator=L?(Transformer)
Added Component: Designator=R1(R1 R0402 1.5M 0.2W)
Added Component: Designator=R2(R2 R0402 56.2K)
Added Component: Designator=R3(R3 R0805 10K 1W wide-chip)
Added Component: Designator=R4(R4 R0805 0.1 1W wide-chip)
Added Component: Designator=R5(R5 R0402 121K)
Added Component: Designator=R6(R6 R0402 44.2K 0.25W)
Added Component: Designator=R7(R7 R0402 4.99K)
Added Component: Designator=R8(R8 R0402 10K)
Added Component: Designator=R9(R9 R0402 20K)
Added Component: Designator=U?(700V mos)
Added Component: Designator=U?(LT8316)
Add component (AddParameter): Name = "Manufacturer"; Value = "Analog Devices"; VariantName = "[No Variations]"
Add component (AddParameter): Name = "Manufacturer Part Number"; Value = "LT8316IFE#TRPBF"; VariantName = "[No Variations]"
Add component (AddParameter): Name = "Pricing 1"; Value = "2500=3,34500 (USD)"; VariantName = "[No Variations]"
Add component (AddParameter): Name = "Supplier 1"; Value = "Digi-Key"; VariantName = "[No Variations]"
Add component (AddParameter): Name = "Supplier Part Number 1"; Value = "LT8316IFE#TRPBF-ND"; VariantName = "[No Variations]"
Added Pin To Net: NetName=BIAS Pin=C4-1
Added Pin To Net: NetName=BIAS Pin=D2-2
Added Pin To Net: NetName=BIAS Pin=U?-9
Added Net: Name=BIAS
Added Pin To Net: NetName=DCM Pin=R3-1
Added Pin To Net: NetName=DCM Pin=U?-10
Added Net: Name=DCM
Added Pin To Net: NetName=FB Pin=R5-1
Added Pin To Net: NetName=FB Pin=R6-2
Added Pin To Net: NetName=FB Pin=R7-1
Added Pin To Net: NetName=FB Pin=U?-12
Added Net: Name=FB
Added Pin To Net: NetName=GATE Pin=U?-1
Added Pin To Net: NetName=GATE Pin=U?-19
Added Net: Name=GATE
Added Pin To Net: NetName=GND Pin=C1-2
Added Pin To Net: NetName=GND Pin=C2-2
Added Pin To Net: NetName=GND Pin=C4-2
Added Pin To Net: NetName=GND Pin=C5-2
Added Pin To Net: NetName=GND Pin=C6-2
Added Pin To Net: NetName=GND Pin=R2-2
Added Pin To Net: NetName=GND Pin=R4-2
Added Pin To Net: NetName=GND Pin=R7-2
Added Pin To Net: NetName=GND Pin=R9-1
Added Pin To Net: NetName=GND Pin=U?-15
Added Pin To Net: NetName=GND Pin=U?-16
Added Pin To Net: NetName=GND Pin=U?-20
Added Net: Name=GND
Added Pin To Net: NetName=IREG Pin=R2-1
Added Pin To Net: NetName=IREG Pin=U?-14
Added Net: Name=IREG
Added Pin To Net: NetName=NetC2_1 Pin=C2-1
Added Net: Name=NetC2_1
Added Pin To Net: NetName=NetC3_1 Pin=C3-1
Added Pin To Net: NetName=NetC3_1 Pin=R3-2
Added Net: Name=NetC3_1
Added Pin To Net: NetName=NetC3_2 Pin=C3-2
Added Pin To Net: NetName=NetC3_2 Pin=D2-1
Added Pin To Net: NetName=NetC3_2 Pin=R6-1
Added Net: Name=NetC3_2
Added Pin To Net: NetName=NetC5_1 Pin=C5-1
Added Pin To Net: NetName=NetC5_1 Pin=U?-8
Added Net: Name=NetC5_1
Added Pin To Net: NetName=NetC6_1 Pin=C6-1
Added Pin To Net: NetName=NetC6_1 Pin=R8-2
Added Net: Name=NetC6_1
Added Pin To Net: NetName=NetD1_1 Pin=D1-1
Added Pin To Net: NetName=NetD1_1 Pin=L?-3
Added Net: Name=NetD1_1
Added Pin To Net: NetName=NetL?_2 Pin=U?-2
Added Net: Name=NetL?_2
Added Pin To Net: NetName=Sense Pin=R4-1
Added Pin To Net: NetName=Sense Pin=U?-3
Added Pin To Net: NetName=Sense Pin=U?-18
Added Net: Name=Sense
Added Pin To Net: NetName=TC Pin=R5-2
Added Pin To Net: NetName=TC Pin=U?-11
Added Net: Name=TC
Added Pin To Net: NetName=UVLO Pin=R1-2
Added Pin To Net: NetName=UVLO Pin=R9-2
Added Pin To Net: NetName=UVLO Pin=U?-17
Added Net: Name=UVLO
Added Pin To Net: NetName=VCC Pin=L?-1
Added Pin To Net: NetName=VCC Pin=R1-1
Added Pin To Net: NetName=VCC Pin=U?-1
Added Pin To Net: NetName=VCC Pin=U?-2
Added Pin To Net: NetName=VCC Pin=U?-3
Added Net: Name=VCC
Added Pin To Net: NetName=VC Pin=C1-1
Added Pin To Net: NetName=VC Pin=R8-1
Added Pin To Net: NetName=VC Pin=U?-13
Added Net: Name=VC
