Change Physical Footprint: Designator=4.7uF Old Footprint=C4 C0402 4.7uF 16V New Footprint=C4 C0402 4.7uF 16V
Change Physical Footprint: Designator=10K Old Footprint=R8 R0402 10K New Footprint=R8 R0402 10K
Change Physical Footprint: Designator=46.02K Old Footprint=R6 R0402 44.2K 0.25W New Footprint=R6 R0402 44.2K 0.25W
Change Physical Footprint: Designator=C1 Old Footprint=C1 C0402 47pF New Footprint=C1 C0402 47pF
Change Physical Footprint: Designator=C2 Old Footprint=C2 Output Cap 330uF 16V 13mohm New Footprint=C2 Output Cap 330uF 16V 13mohm
Change Physical Footprint: Designator=C3 Old Footprint=C3 C0402 47pF 100V New Footprint=C3 C0402 47pF 100V
Change Physical Footprint: Designator=C4 Old Footprint=C6 C0402 1uF New Footprint=C6 C0402 1uF
Change Physical Footprint: Designator=C5 Old Footprint=C6 C0402 1uF New Footprint=C6 C0402 1uF
Change Physical Footprint: Designator=C6 Old Footprint=C6 C0402 1uF New Footprint=C6 C0402 1uF
Change Physical Footprint: Designator=C7 Old Footprint=C2 Output Cap 330uF 16V 13mohm New Footprint=C2 Output Cap 330uF 16V 13mohm
Change Physical Footprint: Designator=D1 Old Footprint=D1 40A 860 mv TO220-2 New Footprint=D1 40A 860 mv TO220-2
Change Physical Footprint: Designator=D2 Old Footprint=D2 1A 470mV SOD323-2 New Footprint=D2 1A 470mV SOD323-2
Change Physical Footprint: Designator=D3 Old Footprint=D3 5A 1.15V DO-214AB New Footprint=D3 5A 1.15V DO-214AB
Change Physical Footprint: Designator=L1 Old Footprint=TRANSFORMER New Footprint=TRANSFORMER
Change Physical Footprint: Designator=R1 Old Footprint=R1 R0402 1.5M 0.2W New Footprint=R1 R0402 1.5M 0.2W
Change Physical Footprint: Designator=R2 Old Footprint=R2 R0402 56.2K New Footprint=R2 R0402 56.2K
Change Physical Footprint: Designator=R3 Old Footprint=R3 R0805 10K 1W wide-chip New Footprint=R3 R0805 10K 1W wide-chip
Change Physical Footprint: Designator=R4 Old Footprint=R4 R0603 32mohm sense New Footprint=R4 R0603 32mohm sense
Change Physical Footprint: Designator=R5 Old Footprint=R5 R0402 121K New Footprint=R5 R0402 121K
Change Physical Footprint: Designator=R6 Old Footprint=R11 R3540 10K 4W snubber New Footprint=R11 R3540 10K 4W snubber
Change Physical Footprint: Designator=R7 Old Footprint=R7 R0402 4.99K New Footprint=R7 R0402 4.99K
Change Physical Footprint: Designator=R8 Old Footprint=R10 R0402 10mohm gate New Footprint=R10 R0402 10mohm gate
Change Physical Footprint: Designator=R9 Old Footprint=R9 R0402 20K New Footprint=R9 R0402 20K
Change Physical Footprint: Designator=U1 Old Footprint=LT8316 New Footprint=LT8316
Change Physical Footprint: Designator=U2 Old Footprint=700V mos New Footprint=700V mos
