Change Physical Footprint: Designator=C1 Old Footprint=C1 C0402 47PF New Footprint=C1 C0402 47pF
Change Physical Footprint: Designator=C2 Old Footprint=C2 OUTPUT CAP 680UF 16V New Footprint=C2 Output Cap 680uF 16V
Change Physical Footprint: Designator=C3 Old Footprint=C3 C0402 47PF 100V New Footprint=C3 C0402 47pF 100V
Change Physical Footprint: Designator=C4 Old Footprint=C4 C0402 4.7UF 16V New Footprint=C4 C0402 4.7uF 16V
Change Physical Footprint: Designator=C5 Old Footprint=C6 C0402 1UF New Footprint=C6 C0402 1uF
Change Physical Footprint: Designator=C6 Old Footprint=C6 C0402 1UF New Footprint=C6 C0402 1uF
Change Physical Footprint: Designator=D1 Old Footprint=D1 40A 860 MV TO220-2 New Footprint=D1 40A 860 mv TO220-2
Change Physical Footprint: Designator=D2 Old Footprint=D2 1A 470MV SOD323-2 New Footprint=D2 1A 470mV SOD323-2
Change Physical Footprint: Designator=L? Old Footprint=TRANSFORMER New Footprint=Transformer
Change Physical Footprint: Designator=R1 Old Footprint=R1 R0402 1.5M 0.2W New Footprint=R1 R0402 1.5M 0.2W
Change Physical Footprint: Designator=R2 Old Footprint=R2 R0402 56.2K New Footprint=R2 R0402 56.2K
Change Physical Footprint: Designator=R3 Old Footprint=R3 R0805 10K 1W WIDE-CHIP New Footprint=R3 R0805 10K 1W wide-chip
Change Physical Footprint: Designator=R4 Old Footprint=R4 R0805 0.1 1W WIDE-CHIP New Footprint=R4 R0805 0.1 1W wide-chip
Change Physical Footprint: Designator=R5 Old Footprint=R5 R0402 121K New Footprint=R5 R0402 121K
Change Physical Footprint: Designator=R6 Old Footprint=R6 R0402 44.2K 0.25W New Footprint=R6 R0402 44.2K 0.25W
Change Physical Footprint: Designator=R7 Old Footprint=R7 R0402 4.99K New Footprint=R7 R0402 4.99K
Change Physical Footprint: Designator=R8 Old Footprint=R8 R0402 10K New Footprint=R8 R0402 10K
Change Physical Footprint: Designator=R9 Old Footprint=R9 R0402 20K New Footprint=R9 R0402 20K
Change Physical Footprint: Designator=U? Old Footprint=700V MOS New Footprint=700V mos
Change Physical Footprint: Designator=U? Old Footprint=LT8316 New Footprint=LT8316
