Removed Pin From Net: NetName=GND Pin=C2-2
Removed Pin From Net: NetName=GND Pin=L?-4
Removed Pin From Net: NetName=NetC3_1 Pin=R3-2
Removed Pin From Net: NetName=GATE Pin=U?-1
Change Component Footprint: Designator=C2 Old Footprint=C2 Output Cap 680uF 16V New Footprint=C2 Output Cap 330uF 16V 13mohm
Change Component Comment : Designator=C6 Old Comment=Capacitor New Comment=0.1uF
Change Component Comment : Designator=C1 Old Comment=Capacitor New Comment=4.7p
Change Component Comment : Designator=C5 Old Comment=Capacitor New Comment=4.7uF
Change Component Comment : Designator=C3 Old Comment=Capacitor New Comment=47pF
Change Component Comment : Designator=C2 Old Comment=Capacitor New Comment=330uF
Change Component Comment : Designator=R1 Old Comment=Resistor New Comment=1.5M
Change Component Comment : Designator=R7 Old Comment=Resistor New Comment=4.99K
Change Component Comment : Designator=R3 Old Comment=Resistor New Comment=10K
Change Component Comment : Designator=R9 Old Comment=Resistor New Comment=20K
Change Component Comment : Designator=R4 Old Comment=Resistor New Comment=32m
Change Component Comment : Designator=R2 Old Comment=Resistor New Comment=56.2K
Change Component Comment : Designator=R5 Old Comment=Resistor New Comment=121K
Change Component Designator: OldDesignator=C4 NewDesignator=4.7uF
Change Component Designator: OldDesignator=L? NewDesignator=L1
Change Component Designator: OldDesignator=R6 NewDesignator=46.02K
Change Component Designator: OldDesignator=R8 NewDesignator=10K
Change Component Designator: OldDesignator=U? NewDesignator=U1
Change Component Designator: OldDesignator=U? NewDesignator=U2
Added Component: Designator=C4(C6 C0402 1uF)
Added Component: Designator=C7(C2 Output Cap 330uF 16V 13mohm)
Added Component: Designator=D3(D3 5A 1.15V DO-214AB)
Added Component: Designator=R6(R11 R3540 10K 4W snubber)
Added Component: Designator=R8(R10 R0402 10mohm gate)
Added Pin To Net: NetName=VCC Pin=C4-2
Added Pin To Net: NetName=NetC2_1 Pin=C7-1
Added Pin To Net: NetName=NetC3_1 Pin=R3-1
Added Pin To Net: NetName=VCC Pin=R6-2
Added Pin To Net: NetName=GATE Pin=R8-1
Change Net Name : Old Net Name=BIAS New Net Name=Net4.7uF_1
Change Net Name : Old Net Name=FB New Net Name=Net46.02K_2
Change Net Name : Old Net Name=IREG New Net Name=NetR2_1
Change Net Name : Old Net Name=NetC3_2 New Net Name=Net46.02K_1
Change Net Name : Old Net Name=NetC6_1 New Net Name=Net10K_2
Change Net Name : Old Net Name=TC New Net Name=NetR5_2
Change Net Name : Old Net Name=VC New Net Name=Net10K_1
Added Pin To Net: NetName=Drain Pin=D3-1
Added Pin To Net: NetName=Drain Pin=L1-2
Added Pin To Net: NetName=Drain Pin=U2-2
Added Net: Name=Drain
Added Pin To Net: NetName=ISOGND Pin=C2-2
Added Pin To Net: NetName=ISOGND Pin=C7-2
Added Pin To Net: NetName=ISOGND Pin=L1-4
Added Net: Name=ISOGND
Added Pin To Net: NetName=NetC4_1 Pin=C4-1
Added Pin To Net: NetName=NetC4_1 Pin=D3-2
Added Pin To Net: NetName=NetC4_1 Pin=R6-1
Added Net: Name=NetC4_1
Added Pin To Net: NetName=NetR3_2 Pin=R3-2
Added Pin To Net: NetName=NetR3_2 Pin=U1-10
Added Net: Name=NetR3_2
Added Pin To Net: NetName=NetR8_2 Pin=R8-2
Added Pin To Net: NetName=NetR8_2 Pin=U2-1
Added Net: Name=NetR8_2
